<?xml version="1.0" encoding="UTF-8"?>
<testsuite xmlns:xsi="http://www.w3.org/2001/XMLSchema-instance" xsi:noNamespaceSchemaLocation="https://maven.apache.org/surefire/maven-surefire-plugin/xsd/surefire-test-report-3.0.xsd" version="3.0" name="TestSuite" time="9.922" tests="2" errors="0" skipped="0" failures="0">
  <properties>
    <property name="java.specification.version" value="21"/>
    <property name="webdriver.chrome.driver" value="/Users/aarushigoel/.cache/selenium/chromedriver/mac-arm64/135.0.7049.114/chromedriver"/>
    <property name="sun.jnu.encoding" value="UTF-8"/>
    <property name="sun.awt.enableExtraMouseButtons" value="true"/>
    <property name="java.class.path" value="/Users/aarushigoel/eclipse-workspace/SeleniumWebdriver_aarushi/openCartV5/target/test-classes:/Users/aarushigoel/eclipse-workspace/SeleniumWebdriver_aarushi/openCartV5/target/classes:/Users/aarushigoel/.m2/repository/org/seleniumhq/selenium/selenium-java/4.1.0/selenium-java-4.1.0.jar:/Users/aarushigoel/.m2/repository/org/seleniumhq/selenium/selenium-api/4.1.0/selenium-api-4.1.0.jar:/Users/aarushigoel/.m2/repository/org/seleniumhq/selenium/selenium-chrome-driver/4.1.0/selenium-chrome-driver-4.1.0.jar:/Users/aarushigoel/.m2/repository/com/google/auto/service/auto-service-annotations/1.0.1/auto-service-annotations-1.0.1.jar:/Users/aarushigoel/.m2/repository/com/google/auto/service/auto-service/1.0.1/auto-service-1.0.1.jar:/Users/aarushigoel/.m2/repository/com/google/auto/auto-common/1.2/auto-common-1.2.jar:/Users/aarushigoel/.m2/repository/com/google/guava/guava/31.0.1-jre/guava-31.0.1-jre.jar:/Users/aarushigoel/.m2/repository/com/google/guava/failureaccess/1.0.1/failureaccess-1.0.1.jar:/Users/aarushigoel/.m2/repository/com/google/guava/listenablefuture/9999.0-empty-to-avoid-conflict-with-guava/listenablefuture-9999.0-empty-to-avoid-conflict-with-guava.jar:/Users/aarushigoel/.m2/repository/com/google/code/findbugs/jsr305/3.0.2/jsr305-3.0.2.jar:/Users/aarushigoel/.m2/repository/org/checkerframework/checker-qual/3.12.0/checker-qual-3.12.0.jar:/Users/aarushigoel/.m2/repository/com/google/errorprone/error_prone_annotations/2.7.1/error_prone_annotations-2.7.1.jar:/Users/aarushigoel/.m2/repository/com/google/j2objc/j2objc-annotations/1.3/j2objc-annotations-1.3.jar:/Users/aarushigoel/.m2/repository/org/seleniumhq/selenium/selenium-chromium-driver/4.1.0/selenium-chromium-driver-4.1.0.jar:/Users/aarushigoel/.m2/repository/org/seleniumhq/selenium/selenium-json/4.1.0/selenium-json-4.1.0.jar:/Users/aarushigoel/.m2/repository/org/seleniumhq/selenium/selenium-devtools-v85/4.1.0/selenium-devtools-v85-4.1.0.jar:/Users/aarushigoel/.m2/repository/org/seleniumhq/selenium/selenium-devtools-v94/4.1.0/selenium-devtools-v94-4.1.0.jar:/Users/aarushigoel/.m2/repository/org/seleniumhq/selenium/selenium-devtools-v95/4.1.0/selenium-devtools-v95-4.1.0.jar:/Users/aarushigoel/.m2/repository/org/seleniumhq/selenium/selenium-devtools-v96/4.1.0/selenium-devtools-v96-4.1.0.jar:/Users/aarushigoel/.m2/repository/org/seleniumhq/selenium/selenium-edge-driver/4.1.0/selenium-edge-driver-4.1.0.jar:/Users/aarushigoel/.m2/repository/org/seleniumhq/selenium/selenium-firefox-driver/4.1.0/selenium-firefox-driver-4.1.0.jar:/Users/aarushigoel/.m2/repository/org/seleniumhq/selenium/selenium-firefox-xpi-driver/4.1.0/selenium-firefox-xpi-driver-4.1.0.jar:/Users/aarushigoel/.m2/repository/org/seleniumhq/selenium/selenium-ie-driver/4.1.0/selenium-ie-driver-4.1.0.jar:/Users/aarushigoel/.m2/repository/org/seleniumhq/selenium/selenium-opera-driver/4.1.0/selenium-opera-driver-4.1.0.jar:/Users/aarushigoel/.m2/repository/org/seleniumhq/selenium/selenium-remote-driver/4.1.0/selenium-remote-driver-4.1.0.jar:/Users/aarushigoel/.m2/repository/io/netty/netty-buffer/4.1.69.Final/netty-buffer-4.1.69.Final.jar:/Users/aarushigoel/.m2/repository/io/netty/netty-codec-http/4.1.69.Final/netty-codec-http-4.1.69.Final.jar:/Users/aarushigoel/.m2/repository/io/netty/netty-codec/4.1.69.Final/netty-codec-4.1.69.Final.jar:/Users/aarushigoel/.m2/repository/io/netty/netty-handler/4.1.69.Final/netty-handler-4.1.69.Final.jar:/Users/aarushigoel/.m2/repository/io/netty/netty-common/4.1.69.Final/netty-common-4.1.69.Final.jar:/Users/aarushigoel/.m2/repository/io/netty/netty-transport-native-epoll/4.1.69.Final/netty-transport-native-epoll-4.1.69.Final.jar:/Users/aarushigoel/.m2/repository/io/netty/netty-transport-native-kqueue/4.1.69.Final/netty-transport-native-kqueue-4.1.69.Final.jar:/Users/aarushigoel/.m2/repository/io/netty/netty-transport-native-unix-common/4.1.69.Final/netty-transport-native-unix-common-4.1.69.Final.jar:/Users/aarushigoel/.m2/repository/io/netty/netty-transport/4.1.69.Final/netty-transport-4.1.69.Final.jar:/Users/aarushigoel/.m2/repository/io/netty/netty-resolver/4.1.69.Final/netty-resolver-4.1.69.Final.jar:/Users/aarushigoel/.m2/repository/io/opentelemetry/opentelemetry-api/1.9.0/opentelemetry-api-1.9.0.jar:/Users/aarushigoel/.m2/repository/io/opentelemetry/opentelemetry-context/1.9.0/opentelemetry-context-1.9.0.jar:/Users/aarushigoel/.m2/repository/io/opentelemetry/opentelemetry-exporter-logging/1.9.0/opentelemetry-exporter-logging-1.9.0.jar:/Users/aarushigoel/.m2/repository/io/opentelemetry/opentelemetry-sdk-metrics/1.9.0-alpha/opentelemetry-sdk-metrics-1.9.0-alpha.jar:/Users/aarushigoel/.m2/repository/io/opentelemetry/opentelemetry-sdk-logs/1.9.0-alpha/opentelemetry-sdk-logs-1.9.0-alpha.jar:/Users/aarushigoel/.m2/repository/io/opentelemetry/opentelemetry-sdk-common/1.9.0/opentelemetry-sdk-common-1.9.0.jar:/Users/aarushigoel/.m2/repository/io/opentelemetry/opentelemetry-sdk-extension-autoconfigure-spi/1.9.0/opentelemetry-sdk-extension-autoconfigure-spi-1.9.0.jar:/Users/aarushigoel/.m2/repository/io/opentelemetry/opentelemetry-sdk-extension-autoconfigure/1.9.0-alpha/opentelemetry-sdk-extension-autoconfigure-1.9.0-alpha.jar:/Users/aarushigoel/.m2/repository/io/opentelemetry/opentelemetry-sdk-trace/1.9.0/opentelemetry-sdk-trace-1.9.0.jar:/Users/aarushigoel/.m2/repository/io/opentelemetry/opentelemetry-api-metrics/1.9.0-alpha/opentelemetry-api-metrics-1.9.0-alpha.jar:/Users/aarushigoel/.m2/repository/io/opentelemetry/opentelemetry-sdk/1.9.0/opentelemetry-sdk-1.9.0.jar:/Users/aarushigoel/.m2/repository/io/opentelemetry/opentelemetry-semconv/1.9.0-alpha/opentelemetry-semconv-1.9.0-alpha.jar:/Users/aarushigoel/.m2/repository/io/ous/jtoml/2.0.0/jtoml-2.0.0.jar:/Users/aarushigoel/.m2/repository/net/bytebuddy/byte-buddy/1.12.1/byte-buddy-1.12.1.jar:/Users/aarushigoel/.m2/repository/org/apache/commons/commons-exec/1.3/commons-exec-1.3.jar:/Users/aarushigoel/.m2/repository/org/asynchttpclient/async-http-client/2.12.3/async-http-client-2.12.3.jar:/Users/aarushigoel/.m2/repository/org/asynchttpclient/async-http-client-netty-utils/2.12.3/async-http-client-netty-utils-2.12.3.jar:/Users/aarushigoel/.m2/repository/io/netty/netty-codec-socks/4.1.60.Final/netty-codec-socks-4.1.60.Final.jar:/Users/aarushigoel/.m2/repository/io/netty/netty-handler-proxy/4.1.60.Final/netty-handler-proxy-4.1.60.Final.jar:/Users/aarushigoel/.m2/repository/io/netty/netty-transport-native-epoll/4.1.60.Final/netty-transport-native-epoll-4.1.60.Final-linux-x86_64.jar:/Users/aarushigoel/.m2/repository/io/netty/netty-transport-native-kqueue/4.1.60.Final/netty-transport-native-kqueue-4.1.60.Final-osx-x86_64.jar:/Users/aarushigoel/.m2/repository/com/typesafe/netty/netty-reactive-streams/2.0.4/netty-reactive-streams-2.0.4.jar:/Users/aarushigoel/.m2/repository/com/sun/activation/jakarta.activation/1.2.2/jakarta.activation-1.2.2.jar:/Users/aarushigoel/.m2/repository/org/seleniumhq/selenium/selenium-http/4.1.0/selenium-http-4.1.0.jar:/Users/aarushigoel/.m2/repository/net/jodah/failsafe/2.4.4/failsafe-2.4.4.jar:/Users/aarushigoel/.m2/repository/org/seleniumhq/selenium/selenium-safari-driver/4.1.0/selenium-safari-driver-4.1.0.jar:/Users/aarushigoel/.m2/repository/org/seleniumhq/selenium/selenium-support/4.1.0/selenium-support-4.1.0.jar:/Users/aarushigoel/.m2/repository/org/slf4j/slf4j-api/1.7.32/slf4j-api-1.7.32.jar:/Users/aarushigoel/.m2/repository/org/slf4j/slf4j-simple/1.7.32/slf4j-simple-1.7.32.jar:/Users/aarushigoel/.m2/repository/org/apache/poi/poi/5.2.5/poi-5.2.5.jar:/Users/aarushigoel/.m2/repository/commons-codec/commons-codec/1.16.0/commons-codec-1.16.0.jar:/Users/aarushigoel/.m2/repository/org/apache/commons/commons-collections4/4.4/commons-collections4-4.4.jar:/Users/aarushigoel/.m2/repository/org/apache/commons/commons-math3/3.6.1/commons-math3-3.6.1.jar:/Users/aarushigoel/.m2/repository/com/zaxxer/SparseBitSet/1.3/SparseBitSet-1.3.jar:/Users/aarushigoel/.m2/repository/org/apache/logging/log4j/log4j-plugins/3.0.0-beta2/log4j-plugins-3.0.0-beta2.jar:/Users/aarushigoel/.m2/repository/commons-io/commons-io/2.11.0/commons-io-2.11.0.jar:/Users/aarushigoel/.m2/repository/org/apache/poi/poi-ooxml/5.2.5/poi-ooxml-5.2.5.jar:/Users/aarushigoel/.m2/repository/org/apache/poi/poi-ooxml-lite/5.2.5/poi-ooxml-lite-5.2.5.jar:/Users/aarushigoel/.m2/repository/org/apache/xmlbeans/xmlbeans/5.2.0/xmlbeans-5.2.0.jar:/Users/aarushigoel/.m2/repository/org/apache/commons/commons-compress/1.25.0/commons-compress-1.25.0.jar:/Users/aarushigoel/.m2/repository/com/github/virtuald/curvesapi/1.08/curvesapi-1.08.jar:/Users/aarushigoel/.m2/repository/org/apache/logging/log4j/log4j-core/3.0.0-beta2/log4j-core-3.0.0-beta2.jar:/Users/aarushigoel/.m2/repository/org/apache/logging/log4j/log4j-api/3.0.0-beta2/log4j-api-3.0.0-beta2.jar:/Users/aarushigoel/.m2/repository/org/apache/poi/poi-ooxml-schemas/4.1.2/poi-ooxml-schemas-4.1.2.jar:/Users/aarushigoel/.m2/repository/com/aventstack/extentreports/5.1.2/extentreports-5.1.2.jar:/Users/aarushigoel/.m2/repository/io/reactivex/rxjava3/rxjava/3.1.6/rxjava-3.1.6.jar:/Users/aarushigoel/.m2/repository/org/reactivestreams/reactive-streams/1.0.4/reactive-streams-1.0.4.jar:/Users/aarushigoel/.m2/repository/org/freemarker/freemarker/2.3.32/freemarker-2.3.32.jar:/Users/aarushigoel/.m2/repository/org/projectlombok/lombok/1.18.26/lombok-1.18.26.jar:/Users/aarushigoel/.m2/repository/com/google/code/gson/gson/2.10.1/gson-2.10.1.jar:/Users/aarushigoel/.m2/repository/io/github/bonigarcia/webdrivermanager/5.5.3/webdrivermanager-5.5.3.jar:/Users/aarushigoel/.m2/repository/com/github/docker-java/docker-java/3.3.3/docker-java-3.3.3.jar:/Users/aarushigoel/.m2/repository/com/github/docker-java/docker-java-core/3.3.3/docker-java-core-3.3.3.jar:/Users/aarushigoel/.m2/repository/com/github/docker-java/docker-java-api/3.3.3/docker-java-api-3.3.3.jar:/Users/aarushigoel/.m2/repository/com/fasterxml/jackson/core/jackson-annotations/2.10.3/jackson-annotations-2.10.3.jar:/Users/aarushigoel/.m2/repository/com/fasterxml/jackson/core/jackson-databind/2.10.3/jackson-databind-2.10.3.jar:/Users/aarushigoel/.m2/repository/com/fasterxml/jackson/core/jackson-core/2.10.3/jackson-core-2.10.3.jar:/Users/aarushigoel/.m2/repository/org/bouncycastle/bcpkix-jdk18on/1.75/bcpkix-jdk18on-1.75.jar:/Users/aarushigoel/.m2/repository/org/bouncycastle/bcprov-jdk18on/1.75/bcprov-jdk18on-1.75.jar:/Users/aarushigoel/.m2/repository/org/bouncycastle/bcutil-jdk18on/1.75/bcutil-jdk18on-1.75.jar:/Users/aarushigoel/.m2/repository/org/slf4j/jcl-over-slf4j/1.7.30/jcl-over-slf4j-1.7.30.jar:/Users/aarushigoel/.m2/repository/com/github/docker-java/docker-java-transport-httpclient5/3.3.3/docker-java-transport-httpclient5-3.3.3.jar:/Users/aarushigoel/.m2/repository/com/github/docker-java/docker-java-transport/3.3.3/docker-java-transport-3.3.3.jar:/Users/aarushigoel/.m2/repository/net/java/dev/jna/jna/5.12.1/jna-5.12.1.jar:/Users/aarushigoel/.m2/repository/org/brotli/dec/0.1.2/dec-0.1.2.jar:/Users/aarushigoel/.m2/repository/org/apache/commons/commons-lang3/3.13.0/commons-lang3-3.13.0.jar:/Users/aarushigoel/.m2/repository/org/apache/httpcomponents/client5/httpclient5/5.2.1/httpclient5-5.2.1.jar:/Users/aarushigoel/.m2/repository/org/apache/httpcomponents/core5/httpcore5/5.2/httpcore5-5.2.jar:/Users/aarushigoel/.m2/repository/org/apache/httpcomponents/core5/httpcore5-h2/5.2/httpcore5-h2-5.2.jar:/Users/aarushigoel/.m2/repository/org/testng/testng/7.8.0/testng-7.8.0.jar:/Users/aarushigoel/.m2/repository/com/beust/jcommander/1.82/jcommander-1.82.jar:/Users/aarushigoel/.m2/repository/org/webjars/jquery/3.6.1/jquery-3.6.1.jar:"/>
    <property name="java.vm.vendor" value="Oracle Corporation"/>
    <property name="sun.arch.data.model" value="64"/>
    <property name="java.vendor.url" value="https://java.oracle.com/"/>
    <property name="user.timezone" value="Asia/Kolkata"/>
    <property name="os.name" value="Mac OS X"/>
    <property name="java.vm.specification.version" value="21"/>
    <property name="sun.java.launcher" value="SUN_STANDARD"/>
    <property name="user.country" value="IN"/>
    <property name="sun.boot.library.path" value="/Library/Java/JavaVirtualMachines/jdk-21.jdk/Contents/Home/lib"/>
    <property name="sun.java.command" value="/Users/aarushigoel/eclipse-workspace/SeleniumWebdriver_aarushi/openCartV5/target/surefire/surefirebooter-20250425141917784_3.jar /Users/aarushigoel/eclipse-workspace/SeleniumWebdriver_aarushi/openCartV5/target/surefire 2025-04-25T14-19-17_749-jvmRun1 surefire-20250425141917784_1tmp surefire_0-20250425141917784_2tmp"/>
    <property name="http.nonProxyHosts" value="local|*.local|169.254/16|*.169.254/16"/>
    <property name="jdk.debug" value="release"/>
    <property name="surefire.test.class.path" value="/Users/aarushigoel/eclipse-workspace/SeleniumWebdriver_aarushi/openCartV5/target/test-classes:/Users/aarushigoel/eclipse-workspace/SeleniumWebdriver_aarushi/openCartV5/target/classes:/Users/aarushigoel/.m2/repository/org/seleniumhq/selenium/selenium-java/4.1.0/selenium-java-4.1.0.jar:/Users/aarushigoel/.m2/repository/org/seleniumhq/selenium/selenium-api/4.1.0/selenium-api-4.1.0.jar:/Users/aarushigoel/.m2/repository/org/seleniumhq/selenium/selenium-chrome-driver/4.1.0/selenium-chrome-driver-4.1.0.jar:/Users/aarushigoel/.m2/repository/com/google/auto/service/auto-service-annotations/1.0.1/auto-service-annotations-1.0.1.jar:/Users/aarushigoel/.m2/repository/com/google/auto/service/auto-service/1.0.1/auto-service-1.0.1.jar:/Users/aarushigoel/.m2/repository/com/google/auto/auto-common/1.2/auto-common-1.2.jar:/Users/aarushigoel/.m2/repository/com/google/guava/guava/31.0.1-jre/guava-31.0.1-jre.jar:/Users/aarushigoel/.m2/repository/com/google/guava/failureaccess/1.0.1/failureaccess-1.0.1.jar:/Users/aarushigoel/.m2/repository/com/google/guava/listenablefuture/9999.0-empty-to-avoid-conflict-with-guava/listenablefuture-9999.0-empty-to-avoid-conflict-with-guava.jar:/Users/aarushigoel/.m2/repository/com/google/code/findbugs/jsr305/3.0.2/jsr305-3.0.2.jar:/Users/aarushigoel/.m2/repository/org/checkerframework/checker-qual/3.12.0/checker-qual-3.12.0.jar:/Users/aarushigoel/.m2/repository/com/google/errorprone/error_prone_annotations/2.7.1/error_prone_annotations-2.7.1.jar:/Users/aarushigoel/.m2/repository/com/google/j2objc/j2objc-annotations/1.3/j2objc-annotations-1.3.jar:/Users/aarushigoel/.m2/repository/org/seleniumhq/selenium/selenium-chromium-driver/4.1.0/selenium-chromium-driver-4.1.0.jar:/Users/aarushigoel/.m2/repository/org/seleniumhq/selenium/selenium-json/4.1.0/selenium-json-4.1.0.jar:/Users/aarushigoel/.m2/repository/org/seleniumhq/selenium/selenium-devtools-v85/4.1.0/selenium-devtools-v85-4.1.0.jar:/Users/aarushigoel/.m2/repository/org/seleniumhq/selenium/selenium-devtools-v94/4.1.0/selenium-devtools-v94-4.1.0.jar:/Users/aarushigoel/.m2/repository/org/seleniumhq/selenium/selenium-devtools-v95/4.1.0/selenium-devtools-v95-4.1.0.jar:/Users/aarushigoel/.m2/repository/org/seleniumhq/selenium/selenium-devtools-v96/4.1.0/selenium-devtools-v96-4.1.0.jar:/Users/aarushigoel/.m2/repository/org/seleniumhq/selenium/selenium-edge-driver/4.1.0/selenium-edge-driver-4.1.0.jar:/Users/aarushigoel/.m2/repository/org/seleniumhq/selenium/selenium-firefox-driver/4.1.0/selenium-firefox-driver-4.1.0.jar:/Users/aarushigoel/.m2/repository/org/seleniumhq/selenium/selenium-firefox-xpi-driver/4.1.0/selenium-firefox-xpi-driver-4.1.0.jar:/Users/aarushigoel/.m2/repository/org/seleniumhq/selenium/selenium-ie-driver/4.1.0/selenium-ie-driver-4.1.0.jar:/Users/aarushigoel/.m2/repository/org/seleniumhq/selenium/selenium-opera-driver/4.1.0/selenium-opera-driver-4.1.0.jar:/Users/aarushigoel/.m2/repository/org/seleniumhq/selenium/selenium-remote-driver/4.1.0/selenium-remote-driver-4.1.0.jar:/Users/aarushigoel/.m2/repository/io/netty/netty-buffer/4.1.69.Final/netty-buffer-4.1.69.Final.jar:/Users/aarushigoel/.m2/repository/io/netty/netty-codec-http/4.1.69.Final/netty-codec-http-4.1.69.Final.jar:/Users/aarushigoel/.m2/repository/io/netty/netty-codec/4.1.69.Final/netty-codec-4.1.69.Final.jar:/Users/aarushigoel/.m2/repository/io/netty/netty-handler/4.1.69.Final/netty-handler-4.1.69.Final.jar:/Users/aarushigoel/.m2/repository/io/netty/netty-common/4.1.69.Final/netty-common-4.1.69.Final.jar:/Users/aarushigoel/.m2/repository/io/netty/netty-transport-native-epoll/4.1.69.Final/netty-transport-native-epoll-4.1.69.Final.jar:/Users/aarushigoel/.m2/repository/io/netty/netty-transport-native-kqueue/4.1.69.Final/netty-transport-native-kqueue-4.1.69.Final.jar:/Users/aarushigoel/.m2/repository/io/netty/netty-transport-native-unix-common/4.1.69.Final/netty-transport-native-unix-common-4.1.69.Final.jar:/Users/aarushigoel/.m2/repository/io/netty/netty-transport/4.1.69.Final/netty-transport-4.1.69.Final.jar:/Users/aarushigoel/.m2/repository/io/netty/netty-resolver/4.1.69.Final/netty-resolver-4.1.69.Final.jar:/Users/aarushigoel/.m2/repository/io/opentelemetry/opentelemetry-api/1.9.0/opentelemetry-api-1.9.0.jar:/Users/aarushigoel/.m2/repository/io/opentelemetry/opentelemetry-context/1.9.0/opentelemetry-context-1.9.0.jar:/Users/aarushigoel/.m2/repository/io/opentelemetry/opentelemetry-exporter-logging/1.9.0/opentelemetry-exporter-logging-1.9.0.jar:/Users/aarushigoel/.m2/repository/io/opentelemetry/opentelemetry-sdk-metrics/1.9.0-alpha/opentelemetry-sdk-metrics-1.9.0-alpha.jar:/Users/aarushigoel/.m2/repository/io/opentelemetry/opentelemetry-sdk-logs/1.9.0-alpha/opentelemetry-sdk-logs-1.9.0-alpha.jar:/Users/aarushigoel/.m2/repository/io/opentelemetry/opentelemetry-sdk-common/1.9.0/opentelemetry-sdk-common-1.9.0.jar:/Users/aarushigoel/.m2/repository/io/opentelemetry/opentelemetry-sdk-extension-autoconfigure-spi/1.9.0/opentelemetry-sdk-extension-autoconfigure-spi-1.9.0.jar:/Users/aarushigoel/.m2/repository/io/opentelemetry/opentelemetry-sdk-extension-autoconfigure/1.9.0-alpha/opentelemetry-sdk-extension-autoconfigure-1.9.0-alpha.jar:/Users/aarushigoel/.m2/repository/io/opentelemetry/opentelemetry-sdk-trace/1.9.0/opentelemetry-sdk-trace-1.9.0.jar:/Users/aarushigoel/.m2/repository/io/opentelemetry/opentelemetry-api-metrics/1.9.0-alpha/opentelemetry-api-metrics-1.9.0-alpha.jar:/Users/aarushigoel/.m2/repository/io/opentelemetry/opentelemetry-sdk/1.9.0/opentelemetry-sdk-1.9.0.jar:/Users/aarushigoel/.m2/repository/io/opentelemetry/opentelemetry-semconv/1.9.0-alpha/opentelemetry-semconv-1.9.0-alpha.jar:/Users/aarushigoel/.m2/repository/io/ous/jtoml/2.0.0/jtoml-2.0.0.jar:/Users/aarushigoel/.m2/repository/net/bytebuddy/byte-buddy/1.12.1/byte-buddy-1.12.1.jar:/Users/aarushigoel/.m2/repository/org/apache/commons/commons-exec/1.3/commons-exec-1.3.jar:/Users/aarushigoel/.m2/repository/org/asynchttpclient/async-http-client/2.12.3/async-http-client-2.12.3.jar:/Users/aarushigoel/.m2/repository/org/asynchttpclient/async-http-client-netty-utils/2.12.3/async-http-client-netty-utils-2.12.3.jar:/Users/aarushigoel/.m2/repository/io/netty/netty-codec-socks/4.1.60.Final/netty-codec-socks-4.1.60.Final.jar:/Users/aarushigoel/.m2/repository/io/netty/netty-handler-proxy/4.1.60.Final/netty-handler-proxy-4.1.60.Final.jar:/Users/aarushigoel/.m2/repository/io/netty/netty-transport-native-epoll/4.1.60.Final/netty-transport-native-epoll-4.1.60.Final-linux-x86_64.jar:/Users/aarushigoel/.m2/repository/io/netty/netty-transport-native-kqueue/4.1.60.Final/netty-transport-native-kqueue-4.1.60.Final-osx-x86_64.jar:/Users/aarushigoel/.m2/repository/com/typesafe/netty/netty-reactive-streams/2.0.4/netty-reactive-streams-2.0.4.jar:/Users/aarushigoel/.m2/repository/com/sun/activation/jakarta.activation/1.2.2/jakarta.activation-1.2.2.jar:/Users/aarushigoel/.m2/repository/org/seleniumhq/selenium/selenium-http/4.1.0/selenium-http-4.1.0.jar:/Users/aarushigoel/.m2/repository/net/jodah/failsafe/2.4.4/failsafe-2.4.4.jar:/Users/aarushigoel/.m2/repository/org/seleniumhq/selenium/selenium-safari-driver/4.1.0/selenium-safari-driver-4.1.0.jar:/Users/aarushigoel/.m2/repository/org/seleniumhq/selenium/selenium-support/4.1.0/selenium-support-4.1.0.jar:/Users/aarushigoel/.m2/repository/org/slf4j/slf4j-api/1.7.32/slf4j-api-1.7.32.jar:/Users/aarushigoel/.m2/repository/org/slf4j/slf4j-simple/1.7.32/slf4j-simple-1.7.32.jar:/Users/aarushigoel/.m2/repository/org/apache/poi/poi/5.2.5/poi-5.2.5.jar:/Users/aarushigoel/.m2/repository/commons-codec/commons-codec/1.16.0/commons-codec-1.16.0.jar:/Users/aarushigoel/.m2/repository/org/apache/commons/commons-collections4/4.4/commons-collections4-4.4.jar:/Users/aarushigoel/.m2/repository/org/apache/commons/commons-math3/3.6.1/commons-math3-3.6.1.jar:/Users/aarushigoel/.m2/repository/com/zaxxer/SparseBitSet/1.3/SparseBitSet-1.3.jar:/Users/aarushigoel/.m2/repository/org/apache/logging/log4j/log4j-plugins/3.0.0-beta2/log4j-plugins-3.0.0-beta2.jar:/Users/aarushigoel/.m2/repository/commons-io/commons-io/2.11.0/commons-io-2.11.0.jar:/Users/aarushigoel/.m2/repository/org/apache/poi/poi-ooxml/5.2.5/poi-ooxml-5.2.5.jar:/Users/aarushigoel/.m2/repository/org/apache/poi/poi-ooxml-lite/5.2.5/poi-ooxml-lite-5.2.5.jar:/Users/aarushigoel/.m2/repository/org/apache/xmlbeans/xmlbeans/5.2.0/xmlbeans-5.2.0.jar:/Users/aarushigoel/.m2/repository/org/apache/commons/commons-compress/1.25.0/commons-compress-1.25.0.jar:/Users/aarushigoel/.m2/repository/com/github/virtuald/curvesapi/1.08/curvesapi-1.08.jar:/Users/aarushigoel/.m2/repository/org/apache/logging/log4j/log4j-core/3.0.0-beta2/log4j-core-3.0.0-beta2.jar:/Users/aarushigoel/.m2/repository/org/apache/logging/log4j/log4j-api/3.0.0-beta2/log4j-api-3.0.0-beta2.jar:/Users/aarushigoel/.m2/repository/org/apache/poi/poi-ooxml-schemas/4.1.2/poi-ooxml-schemas-4.1.2.jar:/Users/aarushigoel/.m2/repository/com/aventstack/extentreports/5.1.2/extentreports-5.1.2.jar:/Users/aarushigoel/.m2/repository/io/reactivex/rxjava3/rxjava/3.1.6/rxjava-3.1.6.jar:/Users/aarushigoel/.m2/repository/org/reactivestreams/reactive-streams/1.0.4/reactive-streams-1.0.4.jar:/Users/aarushigoel/.m2/repository/org/freemarker/freemarker/2.3.32/freemarker-2.3.32.jar:/Users/aarushigoel/.m2/repository/org/projectlombok/lombok/1.18.26/lombok-1.18.26.jar:/Users/aarushigoel/.m2/repository/com/google/code/gson/gson/2.10.1/gson-2.10.1.jar:/Users/aarushigoel/.m2/repository/io/github/bonigarcia/webdrivermanager/5.5.3/webdrivermanager-5.5.3.jar:/Users/aarushigoel/.m2/repository/com/github/docker-java/docker-java/3.3.3/docker-java-3.3.3.jar:/Users/aarushigoel/.m2/repository/com/github/docker-java/docker-java-core/3.3.3/docker-java-core-3.3.3.jar:/Users/aarushigoel/.m2/repository/com/github/docker-java/docker-java-api/3.3.3/docker-java-api-3.3.3.jar:/Users/aarushigoel/.m2/repository/com/fasterxml/jackson/core/jackson-annotations/2.10.3/jackson-annotations-2.10.3.jar:/Users/aarushigoel/.m2/repository/com/fasterxml/jackson/core/jackson-databind/2.10.3/jackson-databind-2.10.3.jar:/Users/aarushigoel/.m2/repository/com/fasterxml/jackson/core/jackson-core/2.10.3/jackson-core-2.10.3.jar:/Users/aarushigoel/.m2/repository/org/bouncycastle/bcpkix-jdk18on/1.75/bcpkix-jdk18on-1.75.jar:/Users/aarushigoel/.m2/repository/org/bouncycastle/bcprov-jdk18on/1.75/bcprov-jdk18on-1.75.jar:/Users/aarushigoel/.m2/repository/org/bouncycastle/bcutil-jdk18on/1.75/bcutil-jdk18on-1.75.jar:/Users/aarushigoel/.m2/repository/org/slf4j/jcl-over-slf4j/1.7.30/jcl-over-slf4j-1.7.30.jar:/Users/aarushigoel/.m2/repository/com/github/docker-java/docker-java-transport-httpclient5/3.3.3/docker-java-transport-httpclient5-3.3.3.jar:/Users/aarushigoel/.m2/repository/com/github/docker-java/docker-java-transport/3.3.3/docker-java-transport-3.3.3.jar:/Users/aarushigoel/.m2/repository/net/java/dev/jna/jna/5.12.1/jna-5.12.1.jar:/Users/aarushigoel/.m2/repository/org/brotli/dec/0.1.2/dec-0.1.2.jar:/Users/aarushigoel/.m2/repository/org/apache/commons/commons-lang3/3.13.0/commons-lang3-3.13.0.jar:/Users/aarushigoel/.m2/repository/org/apache/httpcomponents/client5/httpclient5/5.2.1/httpclient5-5.2.1.jar:/Users/aarushigoel/.m2/repository/org/apache/httpcomponents/core5/httpcore5/5.2/httpcore5-5.2.jar:/Users/aarushigoel/.m2/repository/org/apache/httpcomponents/core5/httpcore5-h2/5.2/httpcore5-h2-5.2.jar:/Users/aarushigoel/.m2/repository/org/testng/testng/7.8.0/testng-7.8.0.jar:/Users/aarushigoel/.m2/repository/com/beust/jcommander/1.82/jcommander-1.82.jar:/Users/aarushigoel/.m2/repository/org/webjars/jquery/3.6.1/jquery-3.6.1.jar:"/>
    <property name="sun.cpu.endian" value="little"/>
    <property name="user.home" value="/Users/aarushigoel"/>
    <property name="user.language" value="en"/>
    <property name="java.specification.vendor" value="Oracle Corporation"/>
    <property name="java.version.date" value="2024-07-16"/>
    <property name="java.home" value="/Library/Java/JavaVirtualMachines/jdk-21.jdk/Contents/Home"/>
    <property name="file.separator" value="/"/>
    <property name="basedir" value="/Users/aarushigoel/eclipse-workspace/SeleniumWebdriver_aarushi/openCartV5"/>
    <property name="java.vm.compressedOopsMode" value="Zero based"/>
    <property name="line.separator" value="&#10;"/>
    <property name="java.vm.specification.vendor" value="Oracle Corporation"/>
    <property name="java.specification.name" value="Java Platform API Specification"/>
    <property name="apple.awt.application.name" value="ForkedBooter"/>
    <property name="surefire.real.class.path" value="/Users/aarushigoel/eclipse-workspace/SeleniumWebdriver_aarushi/openCartV5/target/surefire/surefirebooter-20250425141917784_3.jar"/>
    <property name="sun.management.compiler" value="HotSpot 64-Bit Tiered Compilers"/>
    <property name="ftp.nonProxyHosts" value="local|*.local|169.254/16|*.169.254/16"/>
    <property name="java.runtime.version" value="21.0.4+8-LTS-274"/>
    <property name="user.name" value="aarushigoel"/>
    <property name="stdout.encoding" value="UTF-8"/>
    <property name="path.separator" value=":"/>
    <property name="os.version" value="13.4"/>
    <property name="java.runtime.name" value="Java(TM) SE Runtime Environment"/>
    <property name="file.encoding" value="UTF-8"/>
    <property name="sun.nio.ch.bugLevel" value=""/>
    <property name="java.vm.name" value="Java HotSpot(TM) 64-Bit Server VM"/>
    <property name="localRepository" value="/Users/aarushigoel/.m2/repository"/>
    <property name="java.vendor.url.bug" value="https://bugreport.java.com/bugreport/"/>
    <property name="java.io.tmpdir" value="/var/folders/59/f5f06lmd5k50xb_3984z8t7c0000gn/T/"/>
    <property name="java.version" value="21.0.4"/>
    <property name="user.dir" value="/Users/aarushigoel/eclipse-workspace/SeleniumWebdriver_aarushi/openCartV5"/>
    <property name="os.arch" value="aarch64"/>
    <property name="java.vm.specification.name" value="Java Virtual Machine Specification"/>
    <property name="native.encoding" value="UTF-8"/>
    <property name="java.library.path" value="/Users/aarushigoel/Library/Java/Extensions:/Library/Java/Extensions:/Network/Library/Java/Extensions:/System/Library/Java/Extensions:/usr/lib/java:."/>
    <property name="java.vm.info" value="mixed mode, sharing"/>
    <property name="stderr.encoding" value="UTF-8"/>
    <property name="java.vendor" value="Oracle Corporation"/>
    <property name="java.vm.version" value="21.0.4+8-LTS-274"/>
    <property name="sun.io.unicode.encoding" value="UnicodeBig"/>
    <property name="socksNonProxyHosts" value="local|*.local|169.254/16|*.169.254/16"/>
    <property name="java.class.version" value="65.0"/>
  </properties>
  <testcase name="AccRegisteration" classname="testCases.AccountRegistrationPageTest" time="1.408">
    <system-out><![CDATA[/Users/aarushigoel/eclipse-workspace/SeleniumWebdriver_aarushi/openCartV5//reports//Test-Report-2025.04.25.14.19.18.html$$$$$$$$$$$$$$$$$$$$$$$$$$$$
Initializing ChromeDriver...
]]></system-out>
    <system-err><![CDATA[[main] INFO io.github.bonigarcia.wdm.WebDriverManager - Using chromedriver 135.0.7049.114 (resolved driver for Chrome 135)
[main] INFO io.github.bonigarcia.wdm.WebDriverManager - Exporting webdriver.chrome.driver as /Users/aarushigoel/.cache/selenium/chromedriver/mac-arm64/135.0.7049.114/chromedriver
Starting ChromeDriver 135.0.7049.114 (63fd8a7d9d09e41ba37b84386c85d5f249f848f7-refs/branch-heads/7049@{#2175}) on port 52455
Only local connections are allowed.
Please see https://chromedriver.chromium.org/security-considerations for suggestions on keeping ChromeDriver safe.
ChromeDriver was started successfully on port 52455.
Apr 25, 2025 2:19:20 PM org.openqa.selenium.remote.ProtocolHandshake createSession
INFO: Detected dialect: W3C
Apr 25, 2025 2:19:20 PM org.openqa.selenium.devtools.CdpVersionFinder findNearestMatch
WARNING: Unable to find an exact match for CDP version 135, so returning the closest version found: a no-op implementation
Apr 25, 2025 2:19:20 PM org.openqa.selenium.devtools.CdpVersionFinder findNearestMatch
INFO: Unable to find CDP implementation matching 135.
Apr 25, 2025 2:19:20 PM org.openqa.selenium.chromium.ChromiumDriver lambda$new$3
WARNING: Unable to find version of CDP to use for . You may need to include a dependency on a specific version of the CDP using something similar to `org.seleniumhq.selenium:selenium-devtools-v86:4.1.0` where the version ("v86") matches the version of the chromium-based browser you're using and the version number of the artifact is the same as Selenium's.
]]></system-err>
  </testcase>
  <testcase name="login" classname="testCases.loginPageTest" time="1.026">
    <system-out><![CDATA[Initializing ChromeDriver...
]]></system-out>
    <system-err><![CDATA[Apr 25, 2025 2:19:23 PM org.openqa.selenium.net.HostIdentifier resolveHostName
WARNING: Failed to resolve host name
java.lang.InterruptedException
	at java.base/java.util.concurrent.locks.AbstractQueuedSynchronizer$ConditionObject.awaitNanos(AbstractQueuedSynchronizer.java:1744)
	at java.base/java.lang.ProcessImpl.waitFor(ProcessImpl.java:440)
	at org.openqa.selenium.net.HostIdentifier.resolveHostName(HostIdentifier.java:52)
	at org.openqa.selenium.net.HostIdentifier.getHostName(HostIdentifier.java:116)
	at org.openqa.selenium.WebDriverException.getSystemInformation(WebDriverException.java:95)
	at org.openqa.selenium.WebDriverException.createMessage(WebDriverException.java:87)
	at org.openqa.selenium.WebDriverException.getMessage(WebDriverException.java:65)
	at java.base/java.lang.Throwable.getLocalizedMessage(Throwable.java:398)
	at java.base/java.lang.Throwable.toString(Throwable.java:497)
	at java.base/java.lang.Throwable.<init>(Throwable.java:319)
	at java.base/java.lang.Exception.<init>(Exception.java:103)
	at java.base/java.lang.RuntimeException.<init>(RuntimeException.java:97)
	at java.base/java.util.concurrent.CompletionException.<init>(CompletionException.java:88)
	at java.base/java.util.concurrent.CompletableFuture.encodeThrowable(CompletableFuture.java:315)
	at java.base/java.util.concurrent.CompletableFuture.completeThrowable(CompletableFuture.java:320)
	at java.base/java.util.concurrent.CompletableFuture$AsyncSupply.run(CompletableFuture.java:1770)
	at java.base/java.util.concurrent.ThreadPoolExecutor.runWorker(ThreadPoolExecutor.java:1144)
	at java.base/java.util.concurrent.ThreadPoolExecutor$Worker.run(ThreadPoolExecutor.java:642)
	at java.base/java.lang.Thread.run(Thread.java:1583)

Exception in thread "Driver Command Executor" java.lang.RuntimeException: java.lang.InterruptedException
	at org.openqa.selenium.net.HostIdentifier.resolveHostName(HostIdentifier.java:67)
	at org.openqa.selenium.net.HostIdentifier.getHostName(HostIdentifier.java:116)
	at org.openqa.selenium.WebDriverException.getSystemInformation(WebDriverException.java:95)
	at org.openqa.selenium.WebDriverException.createMessage(WebDriverException.java:87)
	at org.openqa.selenium.WebDriverException.getMessage(WebDriverException.java:65)
	at java.base/java.lang.Throwable.getLocalizedMessage(Throwable.java:398)
	at java.base/java.lang.Throwable.toString(Throwable.java:497)
	at java.base/java.lang.Throwable.<init>(Throwable.java:319)
	at java.base/java.lang.Exception.<init>(Exception.java:103)
	at java.base/java.lang.RuntimeException.<init>(RuntimeException.java:97)
	at java.base/java.util.concurrent.CompletionException.<init>(CompletionException.java:88)
	at java.base/java.util.concurrent.CompletableFuture.encodeThrowable(CompletableFuture.java:315)
	at java.base/java.util.concurrent.CompletableFuture.completeThrowable(CompletableFuture.java:320)
	at java.base/java.util.concurrent.CompletableFuture$AsyncSupply.run(CompletableFuture.java:1770)
	at java.base/java.util.concurrent.ThreadPoolExecutor.runWorker(ThreadPoolExecutor.java:1144)
	at java.base/java.util.concurrent.ThreadPoolExecutor$Worker.run(ThreadPoolExecutor.java:642)
	at java.base/java.lang.Thread.run(Thread.java:1583)
Caused by: java.lang.InterruptedException
	at java.base/java.util.concurrent.locks.AbstractQueuedSynchronizer$ConditionObject.awaitNanos(AbstractQueuedSynchronizer.java:1744)
	at java.base/java.lang.ProcessImpl.waitFor(ProcessImpl.java:440)
	at org.openqa.selenium.net.HostIdentifier.resolveHostName(HostIdentifier.java:52)
	... 16 more
[main] INFO io.github.bonigarcia.wdm.WebDriverManager - Using chromedriver 135.0.7049.114 (resolved driver for Chrome 135)
[main] INFO io.github.bonigarcia.wdm.WebDriverManager - Exporting webdriver.chrome.driver as /Users/aarushigoel/.cache/selenium/chromedriver/mac-arm64/135.0.7049.114/chromedriver
Starting ChromeDriver 135.0.7049.114 (63fd8a7d9d09e41ba37b84386c85d5f249f848f7-refs/branch-heads/7049@{#2175}) on port 50226
Only local connections are allowed.
Please see https://chromedriver.chromium.org/security-considerations for suggestions on keeping ChromeDriver safe.
ChromeDriver was started successfully on port 50226.
Apr 25, 2025 2:19:24 PM org.openqa.selenium.remote.ProtocolHandshake createSession
INFO: Detected dialect: W3C
Apr 25, 2025 2:19:24 PM org.openqa.selenium.devtools.CdpVersionFinder findNearestMatch
WARNING: Unable to find an exact match for CDP version 135, so returning the closest version found: a no-op implementation
Apr 25, 2025 2:19:24 PM org.openqa.selenium.devtools.CdpVersionFinder findNearestMatch
INFO: Unable to find CDP implementation matching 135.
Apr 25, 2025 2:19:24 PM org.openqa.selenium.chromium.ChromiumDriver lambda$new$3
WARNING: Unable to find version of CDP to use for . You may need to include a dependency on a specific version of the CDP using something similar to `org.seleniumhq.selenium:selenium-devtools-v86:4.1.0` where the version ("v86") matches the version of the chromium-based browser you're using and the version number of the artifact is the same as Selenium's.
]]></system-err>
  </testcase>
</testsuite>