<?xml version="1.0" encoding="UTF-8"?>
<!-- Generated by org.testng.reporters.JUnitReportReporter -->
<testsuite hostname="Aarushis-MacBook-Air.local" failures="0" tests="1" name="testCases.loginDDT" time="0.000" errors="0" timestamp="2025-04-23T17:24:22 IST" skipped="1">
  <testcase classname="testCases.loginDDT" name="verify_loginDDT" time="0.000">
    <skipped/>
  </testcase> <!-- verify_loginDDT -->
  <system-out/>
</testsuite> <!-- testCases.loginDDT -->
