<?xml version="1.0" encoding="UTF-8"?>
<!-- Generated by org.testng.reporters.JUnitReportReporter -->
<testsuite hostname="Aarushis-MacBook-Air.local" failures="0" tests="1" name="testCases.loginPageTest" time="4.718" errors="0" timestamp="2025-04-24T14:05:44 IST" skipped="0">
  <testcase classname="testCases.loginPageTest" name="login" time="4.718"/>
</testsuite> <!-- testCases.loginPageTest -->
