<?xml version="1.0" encoding="UTF-8"?>
<!-- Generated by org.testng.reporters.JUnitReportReporter -->
<testsuite hostname="Aarushis-MacBook-Air.local" failures="0" tests="1" name="testCases.AccountRegistrationPageTest" time="1.400" errors="0" timestamp="2025-04-25T14:19:27 IST" skipped="0">
  <testcase classname="testCases.AccountRegistrationPageTest" name="AccRegisteration" time="1.400"/>
</testsuite> <!-- testCases.AccountRegistrationPageTest -->
