<?xml version="1.0" encoding="UTF-8"?>
<!-- Generated by org.testng.reporters.JUnitReportReporter -->
<testsuite hostname="Aarushis-MacBook-Air.local" failures="0" tests="1" name="testCases.loginPageTest" time="1.027" errors="0" timestamp="2025-04-25T14:19:27 IST" skipped="0">
  <testcase classname="testCases.loginPageTest" name="login" time="1.027"/>
</testsuite> <!-- testCases.loginPageTest -->
